<?xml version="1.0" encoding="UTF-8"?>
<!-- Generated by org.testng.reporters.JUnitXMLReporter -->
<testsuite ignored="0" hostname="DESKTOP-BFABEKL" failures="0" tests="4" name="Default test" time="31.524" errors="0" timestamp="2025-07-22T18:09:27 IST">
  <testcase classname="admin.Signin" name="loginTest" time="5.371"/>
  <testcase classname="admin.Users" name="selectUserModule" time="1.121"/>
  <testcase classname="admin.Users" name="clickAddUserButton" time="2.236"/>
  <testcase classname="admin.Users" name="addUserDetails" time="20.115"/>
</testsuite> <!-- Default test -->
