<?xml version="1.0" encoding="UTF-8"?>
<!-- Generated by org.testng.reporters.JUnitXMLReporter -->
<testsuite ignored="0" hostname="DESKTOP-BFABEKL" failures="0" tests="7" name="Test" time="36.707" errors="0" timestamp="2025-07-21T13:09:54 IST">
  <testcase classname="admin.Signin" name="loginTest" time="5.825"/>
  <testcase classname="admin.Signin" name="loginTest" time="6.003"/>
  <testcase classname="admin.UserRoles" name="SelectUserRoles" time="0.974"/>
  <testcase classname="admin.Signin" name="loginTest" time="6.695"/>
  <testcase classname="admin.Users" name="selectUserModule" time="1.487"/>
  <testcase classname="admin.Users" name="clickAddUserButton" time="1.715"/>
  <testcase classname="admin.Users" name="addUserDetails" time="6.928"/>
</testsuite> <!-- Test -->
