<?xml version="1.0" encoding="UTF-8"?>
<testng-results ignored="0" total="3" passed="3" failed="0" skipped="0">
  <reporter-output>
  </reporter-output>
  <suite started-at="2025-07-13T16:16:30 IST" name="Suite" finished-at="2025-07-13T16:16:42 IST" duration-ms="11941">
    <groups>
    </groups>
    <test started-at="2025-07-13T16:16:30 IST" name="Test" finished-at="2025-07-13T16:16:42 IST" duration-ms="11941">
      <class name="admin.Signin">
        <test-method is-config="true" signature="signIn()[pri:0, instance:admin.Signin@411f53a0]" started-at="2025-07-13T16:16:30 IST" name="signIn" finished-at="2025-07-13T16:16:35 IST" duration-ms="4554" status="PASS">
          <reporter-output>
          </reporter-output>
        </test-method> <!-- signIn -->
        <test-method signature="loginTest()[pri:0, instance:admin.Signin@411f53a0]" started-at="2025-07-13T16:16:35 IST" name="loginTest" finished-at="2025-07-13T16:16:36 IST" duration-ms="1542" status="PASS">
          <reporter-output>
          </reporter-output>
        </test-method> <!-- loginTest -->
        <test-method is-config="true" signature="quit()[pri:0, instance:admin.Signin@411f53a0]" started-at="2025-07-13T16:16:36 IST" name="quit" finished-at="2025-07-13T16:16:36 IST" duration-ms="261" status="PASS">
          <reporter-output>
          </reporter-output>
        </test-method> <!-- quit -->
      </class> <!-- admin.Signin -->
      <class name="admin.UserRoles">
        <test-method is-config="true" signature="signIn()[pri:0, instance:admin.UserRoles@5bf0d49]" started-at="2025-07-13T16:16:36 IST" name="signIn" finished-at="2025-07-13T16:16:39 IST" duration-ms="2793" status="PASS">
          <reporter-output>
          </reporter-output>
        </test-method> <!-- signIn -->
        <test-method signature="loginTest()[pri:0, instance:admin.UserRoles@5bf0d49]" started-at="2025-07-13T16:16:39 IST" name="loginTest" finished-at="2025-07-13T16:16:41 IST" duration-ms="1586" status="PASS">
          <reporter-output>
          </reporter-output>
        </test-method> <!-- loginTest -->
        <test-method signature="SelectUserRoles()[pri:0, instance:admin.UserRoles@5bf0d49]" started-at="2025-07-13T16:16:41 IST" name="SelectUserRoles" finished-at="2025-07-13T16:16:42 IST" duration-ms="920" status="PASS">
          <reporter-output>
          </reporter-output>
        </test-method> <!-- SelectUserRoles -->
        <test-method is-config="true" signature="quit()[pri:0, instance:admin.UserRoles@5bf0d49]" started-at="2025-07-13T16:16:42 IST" name="quit" finished-at="2025-07-13T16:16:42 IST" duration-ms="243" status="PASS">
          <reporter-output>
          </reporter-output>
        </test-method> <!-- quit -->
      </class> <!-- admin.UserRoles -->
    </test> <!-- Test -->
  </suite> <!-- Suite -->
</testng-results>
