<?xml version="1.0" encoding="UTF-8"?>
<testng-results ignored="0" total="4" passed="4" failed="0" skipped="0">
  <reporter-output>
  </reporter-output>
  <suite started-at="2025-07-22T18:08:56 IST" name="Default suite" finished-at="2025-07-22T18:09:27 IST" duration-ms="31524">
    <groups>
    </groups>
    <test started-at="2025-07-22T18:08:56 IST" name="Default test" finished-at="2025-07-22T18:09:27 IST" duration-ms="31524">
      <class name="admin.Users">
        <test-method is-config="true" signature="urlLaunch()[pri:0, instance:admin.Users@28701274]" started-at="2025-07-22T18:08:56 IST" name="urlLaunch" finished-at="2025-07-22T18:08:58 IST" duration-ms="2612" status="PASS">
          <reporter-output>
          </reporter-output>
        </test-method> <!-- urlLaunch -->
        <test-method signature="loginTest()[pri:0, instance:admin.Users@28701274]" started-at="2025-07-22T18:08:58 IST" name="loginTest" finished-at="2025-07-22T18:09:04 IST" duration-ms="5371" status="PASS">
          <reporter-output>
          </reporter-output>
        </test-method> <!-- loginTest -->
        <test-method signature="selectUserModule()[pri:0, instance:admin.Users@28701274]" started-at="2025-07-22T18:09:04 IST" name="selectUserModule" finished-at="2025-07-22T18:09:05 IST" duration-ms="1121" status="PASS">
          <reporter-output>
          </reporter-output>
        </test-method> <!-- selectUserModule -->
        <test-method signature="clickAddUserButton()[pri:0, instance:admin.Users@28701274]" started-at="2025-07-22T18:09:05 IST" name="clickAddUserButton" finished-at="2025-07-22T18:09:07 IST" depends-on-methods="admin.Users.selectUserModule" duration-ms="2236" status="PASS">
          <reporter-output>
          </reporter-output>
        </test-method> <!-- clickAddUserButton -->
        <test-method signature="addUserDetails()[pri:0, instance:admin.Users@28701274]" started-at="2025-07-22T18:09:07 IST" name="addUserDetails" finished-at="2025-07-22T18:09:27 IST" depends-on-methods="admin.Users.clickAddUserButton" duration-ms="20115" status="PASS">
          <reporter-output>
          </reporter-output>
        </test-method> <!-- addUserDetails -->
      </class> <!-- admin.Users -->
    </test> <!-- Default test -->
  </suite> <!-- Default suite -->
</testng-results>
